I2P-Browser/lib/helper/build/intermediates/manifest_merge_blame_file/release/manifest-merger-blame-release-report.txt
1<?xml version="1.0" encoding="utf-8"?>
2<manifest xmlns:android="http://schemas.android.com/apk/res/android"
3    package="net.i2p.android.lib.helper" >
4
5    <uses-sdk android:minSdkVersion="14" />
5-->src/main/AndroidManifest.xml
6
7    <application
7-->src/main/AndroidManifest.xml:4:5-7:19
8        android:allowBackup="true"
8-->src/main/AndroidManifest.xml:4:18-44
9        android:label="@string/app_name" >
9-->src/main/AndroidManifest.xml:5:9-41
10    </application>
11
12</manifest>